[    0.000000] Initializing cgroup subsys cpuset
[    0.000000] Initializing cgroup subsys cpu
[    0.000000] Initializing cgroup subsys cpuacct
[    0.000000] Linux version 4.4.0-210-generic (buildd@lgw01-amd64-009) (gcc version 5.4.0 20160609 (Ubuntu 5.4.0-6ubuntu1~16.04.12) ) #242-Ubuntu SMP Fri Apr 16 09:57:56 UTC 2021 (Ubuntu 4.4.0-210.242-generic 4.4.262)
[    0.000000] Command line: BOOT_IMAGE=/boot/vmlinuz-4.4.0-210-generic root=LABEL=cloudimg-rootfs ro console=tty1 console=ttyS0
[    0.000000] KERNEL supported cpus:
[    0.000000]   Intel GenuineIntel
[    0.000000]   AMD AuthenticAMD
[    0.000000]   Centaur CentaurHauls
[    0.000000] [Firmware Bug]: TSC doesn't count with P0 frequency!
[    0.000000] x86/fpu: xstate_offset[2]:  576, xstate_sizes[2]:  256
[    0.000000] x86/fpu: Supporting XSAVE feature 0x01: 'x87 floating point registers'
[    0.000000] x86/fpu: Supporting XSAVE feature 0x02: 'SSE registers'
[    0.000000] x86/fpu: Supporting XSAVE feature 0x04: 'AVX registers'
[    0.000000] x86/fpu: Enabled xstate features 0x7, context size is 832 bytes, using 'standard' format.
[    0.000000] e820: BIOS-provided physical RAM map:
[    0.000000] BIOS-e820: [mem 0x0000000000000000-0x000000000009fbff] usable
[    0.000000] BIOS-e820: [mem 0x000000000009fc00-0x000000000009ffff] reserved
[    0.000000] BIOS-e820: [mem 0x00000000000f0000-0x00000000000fffff] reserved
[    0.000000] BIOS-e820: [mem 0x0000000000100000-0x000000003ffeffff] usable
[    0.000000] BIOS-e820: [mem 0x000000003fff0000-0x000000003fffffff] ACPI data
[    0.000000] BIOS-e820: [mem 0x00000000fec00000-0x00000000fec00fff] reserved
[    0.000000] BIOS-e820: [mem 0x00000000fee00000-0x00000000fee00fff] reserved
[    0.000000] BIOS-e820: [mem 0x00000000fffc0000-0x00000000ffffffff] reserved
[    0.000000] NX (Execute Disable) protection: active
[    0.000000] SMBIOS 2.5 present.
[    0.000000] Hypervisor detected: KVM
[    0.000000] Kernel/User page tables isolation: disabled
[    0.000000] e820: last_pfn = 0x3fff0 max_arch_pfn = 0x400000000
[    0.000000] MTRR: Disabled
[    0.000000] x86/PAT: MTRRs disabled, skipping PAT initialization too.
[    0.000000] CPU MTRRs all blank - virtualized system.
[    0.000000] x86/PAT: Configuration [0-7]: WB  WT  UC- UC  WB  WT  UC- UC  
[    0.000000] found SMP MP-table at [mem 0x0009fff0-0x0009ffff] mapped at [ffff88000009fff0]
[    0.000000] Scanning 1 areas for low memory corruption
[    0.000000] RAMDISK: [mem 0x362dc000-0x37165fff]
[    0.000000] ACPI: Early table checksum verification disabled
[    0.000000] ACPI: RSDP 0x00000000000E0000 000024 (v02 VBOX  )
[    0.000000] ACPI: XSDT 0x000000003FFF0030 00003C (v01 VBOX   VBOXXSDT 00000001 ASL  00000061)
[    0.000000] ACPI: FACP 0x000000003FFF00F0 0000F4 (v04 VBOX   VBOXFACP 00000001 ASL  00000061)
[    0.000000] ACPI: DSDT 0x000000003FFF0610 002353 (v02 VBOX   VBOXBIOS 00000002 INTL 20100528)
[    0.000000] ACPI: FACS 0x000000003FFF0200 000040
[    0.000000] ACPI: FACS 0x000000003FFF0200 000040
[    0.000000] ACPI: APIC 0x000000003FFF0240 00005C (v02 VBOX   VBOXAPIC 00000001 ASL  00000061)
[    0.000000] ACPI: SSDT 0x000000003FFF02A0 00036C (v01 VBOX   VBOXCPUT 00000002 INTL 20100528)
[    0.000000] No NUMA configuration found
[    0.000000] Faking a node at [mem 0x0000000000000000-0x000000003ffeffff]
[    0.000000] NODE_DATA(0) allocated [mem 0x3ffeb000-0x3ffeffff]
[    0.000000] kvm-clock: Using msrs 4b564d01 and 4b564d00
[    0.000000] kvm-clock: cpu 0, msr 0:3ffe3001, primary cpu clock
[    0.000000] kvm-clock: using sched offset of 2978589595 cycles
[    0.000000] clocksource: kvm-clock: mask: 0xffffffffffffffff max_cycles: 0x1cd42e4dffb, max_idle_ns: 881590591483 ns
[    0.000000] Zone ranges:
[    0.000000]   DMA      [mem 0x0000000000001000-0x0000000000ffffff]
[    0.000000]   DMA32    [mem 0x0000000001000000-0x000000003ffeffff]
[    0.000000]   Normal   empty
[    0.000000]   Device   empty
[    0.000000] Movable zone start for each node
[    0.000000] Early memory node ranges
[    0.000000]   node   0: [mem 0x0000000000001000-0x000000000009efff]
[    0.000000]   node   0: [mem 0x0000000000100000-0x000000003ffeffff]
[    0.000000] Initmem setup node 0 [mem 0x0000000000001000-0x000000003ffeffff]
[    0.000000] ACPI: PM-Timer IO Port: 0x4008
[    0.000000] IOAPIC[0]: apic_id 2, version 32, address 0xfec00000, GSI 0-23
[    0.000000] ACPI: INT_SRC_OVR (bus 0 bus_irq 0 global_irq 2 dfl dfl)
[    0.000000] ACPI: INT_SRC_OVR (bus 0 bus_irq 9 global_irq 9 low level)
[    0.000000] Using ACPI (MADT) for SMP configuration information
[    0.000000] smpboot: Allowing 2 CPUs, 0 hotplug CPUs
[    0.000000] PM: Registered nosave memory: [mem 0x00000000-0x00000fff]
[    0.000000] PM: Registered nosave memory: [mem 0x0009f000-0x0009ffff]
[    0.000000] PM: Registered nosave memory: [mem 0x000a0000-0x000effff]
[    0.000000] PM: Registered nosave memory: [mem 0x000f0000-0x000fffff]
[    0.000000] e820: [mem 0x40000000-0xfebfffff] available for PCI devices
[    0.000000] Booting paravirtualized kernel on KVM
[    0.000000] clocksource: refined-jiffies: mask: 0xffffffff max_cycles: 0xffffffff, max_idle_ns: 7645519600211568 ns
[    0.000000] setup_percpu: NR_CPUS:512 nr_cpumask_bits:512 nr_cpu_ids:2 nr_node_ids:1
[    0.000000] PERCPU: Embedded 33 pages/cpu @ffff88003fc00000 s95192 r8192 d31784 u1048576
[    0.000000] Built 1 zonelists in Node order, mobility grouping on.  Total pages: 257912
[    0.000000] Policy zone: DMA32
[    0.000000] Kernel command line: BOOT_IMAGE=/boot/vmlinuz-4.4.0-210-generic root=LABEL=cloudimg-rootfs ro console=tty1 console=ttyS0
[    0.000000] PID hash table entries: 4096 (order: 3, 32768 bytes)
[    0.000000] Memory: 997792K/1048120K available (8644K kernel code, 1332K rwdata, 4044K rodata, 1492K init, 1164K bss, 50328K reserved, 0K cma-reserved)
[    0.000000] SLUB: HWalign=64, Order=0-3, MinObjects=0, CPUs=2, Nodes=1
[    0.000000] Hierarchical RCU implementation.
[    0.000000] 	Build-time adjustment of leaf fanout to 64.
[    0.000000] 	RCU restricting CPUs from NR_CPUS=512 to nr_cpu_ids=2.
[    0.000000] RCU: Adjusting geometry for rcu_fanout_leaf=64, nr_cpu_ids=2
[    0.000000] NR_IRQS:33024 nr_irqs:440 16
[    0.000000] Console: colour VGA+ 80x25
[    0.000000] console [tty1] enabled
[    0.000000] console [ttyS0] enabled
[    0.000000] tsc: Detected 2096.064 MHz processor
[    0.150757] Calibrating delay loop (skipped) preset value.. 4192.12 BogoMIPS (lpj=8384256)
[    0.152288] pid_max: default: 32768 minimum: 301
[    0.153107] ACPI: Core revision 20150930
[    0.154987] ACPI: 2 ACPI AML tables successfully acquired and loaded
[    0.156139] Security Framework initialized
[    0.157062] Yama: becoming mindful.
[    0.157895] AppArmor: AppArmor initialized
[    0.158922] Dentry cache hash table entries: 131072 (order: 8, 1048576 bytes)
[    0.160504] Inode-cache hash table entries: 65536 (order: 7, 524288 bytes)
[    0.162649] Mount-cache hash table entries: 2048 (order: 2, 16384 bytes)
[    0.163720] Mountpoint-cache hash table entries: 2048 (order: 2, 16384 bytes)
[    0.164972] Initializing cgroup subsys io
[    0.165699] Initializing cgroup subsys memory
[    0.166488] Initializing cgroup subsys devices
[    0.167262] Initializing cgroup subsys freezer
[    0.168048] Initializing cgroup subsys net_cls
[    0.168848] Initializing cgroup subsys perf_event
[    0.169653] Initializing cgroup subsys net_prio
[    0.170496] Initializing cgroup subsys hugetlb
[    0.171267] Initializing cgroup subsys pids
[    0.184773] mce: CPU supports 0 MCE banks
[    0.185587] Last level iTLB entries: 4KB 1024, 2MB 1024, 4MB 512
[    0.186601] Last level dTLB entries: 4KB 1536, 2MB 1536, 4MB 768, 1GB 0
[    0.188491] Spectre V1 : Mitigation: usercopy/swapgs barriers and __user pointer sanitization
[    0.191453] Spectre V2 : Spectre mitigation: LFENCE not serializing, switching to generic retpoline
[    0.193857] Spectre V2 : Mitigation: Full generic retpoline
[    0.195284] Spectre V2 : Spectre v2 / SpectreRSB mitigation: Filling RSB on context switch
[    0.200040] Freeing SMP alternatives memory: 36K
[    0.206707] ftrace: allocating 32380 entries in 127 pages
[    0.269659] smpboot: APIC(0) Converting physical 0 to logical package 0
[    0.270964] smpboot: Max logical packages: 1
[    0.271988] x2apic enabled
[    0.272806] Switched APIC routing to physical x2apic.
[    0.274829] ..TIMER: vector=0x30 apic1=0 pin1=2 apic2=-1 pin2=-1
[    0.383905] APIC calibration not consistent with PM-Timer: 102ms instead of 100ms
[    0.385384] APIC delta adjusted to PM-Timer: 6393170 (6526641)
[    0.386609] smpboot: CPU0: AMD Ryzen 5 3500U with Radeon Vega Mobile Gfx (family: 0x17, model: 0x18, stepping: 0x1)
[    0.388724] Performance Events: Broken PMU hardware detected, using software events only.
[    0.390398] Failed to access perfctr msr (MSR c0010007 is 0)
[    0.398044] KVM setup paravirtual spinlock
[    0.399722] x86: Booting SMP configuration:
[    0.400537] .... node  #0, CPUs:      #1
[    0.401547] kvm-clock: cpu 1, msr 0:3ffe3041, secondary cpu clock
[    0.415135] mce: CPU supports 0 MCE banks
[    0.417952] x86: Booted up 1 node, 2 CPUs
[    0.419010] smpboot: Total of 2 processors activated (8384.25 BogoMIPS)
[    0.420705] devtmpfs: initialized
[    0.423651] evm: security.selinux
[    0.424560] evm: security.SMACK64
[    0.425412] evm: security.SMACK64EXEC
[    0.426228] evm: security.SMACK64TRANSMUTE
[    0.427250] evm: security.SMACK64MMAP
[    0.428244] evm: security.ima
[    0.429081] evm: security.capability
[    0.431001] clocksource: jiffies: mask: 0xffffffff max_cycles: 0xffffffff, max_idle_ns: 7645041785100000 ns
[    0.433489] futex hash table entries: 512 (order: 3, 32768 bytes)
[    0.435099] pinctrl core: initialized pinctrl subsystem
[    0.436587] RTC time: 10:01:54, date: 05/22/24
[    0.438217] NET: Registered protocol family 16
[    0.447974] cpuidle: using governor ladder
[    0.460310] cpuidle: using governor menu
[    0.461883] PCCT header not found.
[    0.463448] ACPI: bus type PCI registered
[    0.464554] acpiphp: ACPI Hot Plug PCI Controller Driver version: 0.5
[    0.466202] PCI: Using configuration type 1 for base access
[    0.467582] PCI: Using configuration type 1 for extended access
[    0.482017] ACPI: Added _OSI(Module Device)
[    0.483514] ACPI: Added _OSI(Processor Device)
[    0.484800] ACPI: Added _OSI(3.0 _SCP Extensions)
[    0.486067] ACPI: Added _OSI(Processor Aggregator Device)
[    0.488133] ACPI: Executed 1 blocks of module-level executable AML code
[    0.491984] ACPI: Interpreter enabled
[    0.492684] ACPI: (supports S0 S5)
[    0.493356] ACPI: Using IOAPIC for interrupt routing
[    0.494372] PCI: Using host bridge windows from ACPI; if necessary, use "pci=nocrs" and report a bug
[    0.499224] ACPI: PCI Root Bridge [PCI0] (domain 0000 [bus 00-ff])
[    0.500286] acpi PNP0A03:00: _OSC: OS supports [ExtendedConfig ASPM ClockPM Segments MSI]
[    0.502323] acpi PNP0A03:00: _OSC: platform does not support [PCIeCapability]
[    0.503828] acpi PNP0A03:00: _OSC: not requesting control; platform does not support [PCIeCapability]
[    0.505454] acpi PNP0A03:00: _OSC: OS requested [PCIeHotplug PME AER PCIeCapability]
[    0.506905] acpi PNP0A03:00: _OSC: platform willing to grant [PCIeHotplug PME AER]
[    0.508307] acpi PNP0A03:00: _OSC failed (AE_SUPPORT); disabling ASPM
[    0.509772] PCI host bridge to bus 0000:00
[    0.518759] pci_bus 0000:00: root bus resource [io  0x0000-0x0cf7 window]
[    0.519916] pci_bus 0000:00: root bus resource [io  0x0d00-0xffff window]
[    0.521394] pci_bus 0000:00: root bus resource [mem 0x000a0000-0x000bffff window]
[    0.522925] pci_bus 0000:00: root bus resource [mem 0x40000000-0xfdffffff window]
[    0.524306] pci_bus 0000:00: root bus resource [bus 00-ff]
[    0.527067] pci 0000:00:01.1: legacy IDE quirk: reg 0x10: [io  0x01f0-0x01f7]
[    0.528281] pci 0000:00:01.1: legacy IDE quirk: reg 0x14: [io  0x03f6]
[    0.529959] pci 0000:00:01.1: legacy IDE quirk: reg 0x18: [io  0x0170-0x0177]
[    0.532212] pci 0000:00:01.1: legacy IDE quirk: reg 0x1c: [io  0x0376]
[    0.555883] pci 0000:00:07.0: quirk: [io  0x4000-0x403f] claimed by PIIX4 ACPI
[    0.557453] pci 0000:00:07.0: quirk: [io  0x4100-0x410f] claimed by PIIX4 SMB
[    0.572604] ACPI: PCI Interrupt Link [LNKA] (IRQs 5 9 10 *11)
[    0.574284] ACPI: PCI Interrupt Link [LNKB] (IRQs 5 9 *10 11)
[    0.575656] ACPI: PCI Interrupt Link [LNKC] (IRQs 5 *9 10 11)
[    0.577138] ACPI: PCI Interrupt Link [LNKD] (IRQs 5 9 10 *11)
[    0.578592] ACPI: Enabled 2 GPEs in block 00 to 07
[    0.579897] vgaarb: setting as boot device: PCI:0000:00:02.0
[    0.580929] vgaarb: device added: PCI:0000:00:02.0,decodes=io+mem,owns=io+mem,locks=none
[    0.582461] vgaarb: loaded
[    0.583059] vgaarb: bridge control possible 0000:00:02.0
[    0.584250] SCSI subsystem initialized
[    0.585171] ACPI: bus type USB registered
[    0.585965] usbcore: registered new interface driver usbfs
[    0.587047] usbcore: registered new interface driver hub
[    0.588237] usbcore: registered new device driver usb
[    0.589462] PCI: Using ACPI for IRQ routing
[    0.590544] NetLabel: Initializing
[    0.591332] NetLabel:  domain hash size = 128
[    0.592360] NetLabel:  protocols = UNLABELED CIPSOv4
[    0.593292] NetLabel:  unlabeled traffic allowed by default
[    0.594419] amd_nb: Cannot enumerate AMD northbridges
[    0.595377] clocksource: Switched to clocksource kvm-clock
[    0.603154] AppArmor: AppArmor Filesystem Enabled
[    0.604105] pnp: PnP ACPI init
[    0.605476] pnp: PnP ACPI: found 3 devices
[    0.615753] clocksource: acpi_pm: mask: 0xffffff max_cycles: 0xffffff, max_idle_ns: 2085701024 ns
[    0.617434] NET: Registered protocol family 2
[    0.618377] TCP established hash table entries: 8192 (order: 4, 65536 bytes)
[    0.619539] TCP bind hash table entries: 8192 (order: 5, 131072 bytes)
[    0.620668] TCP: Hash tables configured (established 8192 bind 8192)
[    0.621798] UDP hash table entries: 512 (order: 2, 16384 bytes)
[    0.622794] UDP-Lite hash table entries: 512 (order: 2, 16384 bytes)
[    0.623989] NET: Registered protocol family 1
[    0.624888] pci 0000:00:00.0: Limiting direct PCI/PCI transfers
[    0.625952] pci 0000:00:01.0: Activating ISA DMA hang workarounds
[    0.627876] Unpacking initramfs...
[    0.837342] Freeing initrd memory: 14888K
[    0.838321] clocksource: tsc: mask: 0xffffffffffffffff max_cycles: 0x1e36aa4f9f7, max_idle_ns: 440795294663 ns
[    0.840007] platform rtc_cmos: registered platform RTC device (no PNP device found)
[    0.841444] Scanning for low memory corruption every 60 seconds
[    0.843085] audit: initializing netlink subsys (disabled)
[    0.844255] audit: type=2000 audit(1716372119.445:1): initialized
[    0.845692] Initialise system trusted keyring
[    0.846692] HugeTLB registered 2 MB page size, pre-allocated 0 pages
[    0.848771] zbud: loaded
[    0.849764] VFS: Disk quotas dquot_6.6.0
[    0.850520] VFS: Dquot-cache hash table entries: 512 (order 0, 4096 bytes)
[    0.851917] squashfs: version 4.0 (2009/01/31) Phillip Lougher
[    0.853241] fuse init (API version 7.23)
[    0.854730] Key type big_key registered
[    0.855980] Allocating IMA MOK and blacklist keyrings.
[    0.860185] Key type asymmetric registered
[    0.861330] Asymmetric key parser 'x509' registered
[    0.862430] Block layer SCSI generic (bsg) driver version 0.4 loaded (major 249)
[    0.864231] io scheduler noop registered
[    0.865504] io scheduler deadline registered (default)
[    0.866967] io scheduler cfq registered
[    0.868091] pci_hotplug: PCI Hot Plug PCI Core version: 0.5
[    0.869353] pciehp: PCI Express Hot Plug Controller Driver version: 0.4
[    0.870857] ACPI: AC Adapter [AC] (on-line)
[    0.871682] input: Power Button as /devices/LNXSYSTM:00/LNXPWRBN:00/input/input0
[    0.873097] ACPI: Power Button [PWRF]
[    0.873881] input: Sleep Button as /devices/LNXSYSTM:00/LNXSLPBN:00/input/input1
[    0.875271] ACPI: Sleep Button [SLPF]
[    0.876206] GHES: HEST is not enabled!
[    0.876764] ACPI: Battery Slot [BAT0] (battery present)
[    0.878581] Serial: 8250/16550 driver, 32 ports, IRQ sharing enabled
[    0.900367] 00:02: ttyS0 at I/O 0x3f8 (irq = 4, base_baud = 115200) is a 16550A
[    0.904481] Linux agpgart interface v0.103
[    0.907952] loop: module loaded
[    0.909915] scsi host0: ata_piix
[    0.911216] scsi host1: ata_piix
[    0.912231] ata1: PATA max UDMA/33 cmd 0x1f0 ctl 0x3f6 bmdma 0xd000 irq 14
[    0.913898] ata2: PATA max UDMA/33 cmd 0x170 ctl 0x376 bmdma 0xd008 irq 15
[    0.915938] libphy: Fixed MDIO Bus: probed
[    0.916937] tun: Universal TUN/TAP device driver, 1.6
[    0.918064] tun: (C) 1999-2004 Max Krasnyansky <maxk@qualcomm.com>
[    0.919319] PPP generic driver version 2.4.2
[    0.920299] ehci_hcd: USB 2.0 'Enhanced' Host Controller (EHCI) Driver
[    0.921770] ehci-pci: EHCI PCI platform driver
[    0.922816] ehci-platform: EHCI generic platform driver
[    0.923834] ohci_hcd: USB 1.1 'Open' Host Controller (OHCI) Driver
[    0.924867] ohci-pci: OHCI PCI platform driver
[    0.925689] ohci-platform: OHCI generic platform driver
[    0.926597] uhci_hcd: USB Universal Host Controller Interface driver
[    0.927781] i8042: PNP: PS/2 Controller [PNP0303:PS2K,PNP0f03:PS2M] at 0x60,0x64 irq 1,12
[    0.929821] serio: i8042 KBD port at 0x60,0x64 irq 1
[    0.930938] serio: i8042 AUX port at 0x60,0x64 irq 12
[    0.932059] mousedev: PS/2 mouse device common for all mice
[    0.933423] input: AT Translated Set 2 keyboard as /devices/platform/i8042/serio0/input/input2
[    0.936027] rtc_cmos rtc_cmos: rtc core: registered rtc_cmos as rtc0
[    0.937302] rtc_cmos rtc_cmos: alarms up to one day, 114 bytes nvram
[    0.938644] i2c /dev entries driver
[    0.939560] device-mapper: uevent: version 1.0.3
[    0.940594] device-mapper: ioctl: 4.34.0-ioctl (2015-10-28) initialised: dm-devel@redhat.com
[    0.942158] ledtrig-cpu: registered to indicate activity on CPUs
[    0.944256] NET: Registered protocol family 10
[    0.946006] NET: Registered protocol family 17
[    0.947033] Key type dns_resolver registered
[    0.948549] registered taskstats version 1
[    0.949345] Loading compiled-in X.509 certificates
[    0.950717] Loaded X.509 cert 'Build time autogenerated kernel key: cf00e047681d67edb2720680708b7d9498083038'
[    0.952411] zswap: loaded using pool lzo/zbud
[    0.956428] Key type trusted registered
[    0.962556] Key type encrypted registered
[    0.963596] AppArmor: AppArmor sha1 policy hashing enabled
[    0.964648] ima: No TPM chip found, activating TPM-bypass!
[    0.965620] ima: Allocated hash algorithm: sha1
[    0.966425] evm: HMAC attrs: 0x1
[    0.967418]   Magic number: 8:667:22
[    0.968255] rtc_cmos rtc_cmos: setting system clock to 2024-05-22 10:01:54 UTC (1716372114)
[    0.969923] BIOS EDD facility v0.16 2004-Jun-25, 0 devices found
[    0.971658] EDD information not available.
[    1.098436] Freeing unused kernel memory: 1492K
[    1.099310] Write protecting the kernel read-only data: 14336k
[    1.100881] Freeing unused kernel memory: 1584K
[    1.101901] Freeing unused kernel memory: 52K
Loading, please wait...
starting version 229
[    1.119298] random: systemd-udevd: uninitialized urandom read (16 bytes read, 3 bits of entropy available)
[    1.120004] random: udevadm: uninitialized urandom read (16 bytes read, 3 bits of entropy available)
[    1.120032] random: udevadm: uninitialized urandom read (16 bytes read, 3 bits of entropy available)
[    1.129274] random: udevadm: uninitialized urandom read (16 bytes read, 3 bits of entropy available)
[    1.131641] random: udevadm: uninitialized urandom read (16 bytes read, 3 bits of entropy available)
[    1.131999] random: systemd-udevd: uninitialized urandom read (16 bytes read, 3 bits of entropy available)
[    1.132025] random: systemd-udevd: uninitialized urandom read (16 bytes read, 3 bits of entropy available)
[    1.132051] random: systemd-udevd: uninitialized urandom read (16 bytes read, 3 bits of entropy available)
[    1.133056] random: systemd-udevd: uninitialized urandom read (16 bytes read, 3 bits of entropy available)
[    1.133083] random: systemd-udevd: uninitialized urandom read (16 bytes read, 3 bits of entropy available)
[    1.183957] e1000: Intel(R) PRO/1000 Network Driver - version 7.3.21-k8-NAPI
[    1.185403] e1000: Copyright (c) 1999-2006 Intel Corporation.
[    1.188775] Fusion MPT base driver 3.04.20
[    1.189614] Copyright (c) 1999-2008 LSI Corporation
[    1.194636] Fusion MPT SPI Host driver 3.04.20
[    1.212631] AVX2 version of gcm_enc/dec engaged.
[    1.213565] AES CTR mode by8 optimization enabled
[    1.423702] input: ImExPS/2 Generic Explorer Mouse as /devices/platform/i8042/serio1/input/input4
[    1.548026] e1000 0000:00:03.0 eth0: (PCI:33MHz:32-bit) 02:be:82:6b:cc:1d
[    1.549202] e1000 0000:00:03.0 eth0: Intel(R) PRO/1000 Network Connection
[    1.551066] mptbase: ioc0: Initiating bringup
[    1.623994] ioc0: LSI53C1030 A0: Capabilities={Initiator}
[    1.790566] scsi host2: ioc0: LSI53C1030 A0, FwRev=00000000h, Ports=1, MaxQ=256, IRQ=20
[    1.904771] scsi 2:0:0:0: Direct-Access     VBOX     HARDDISK         1.0  PQ: 0 ANSI: 5
[    1.918336] scsi target2:0:0: Beginning Domain Validation
[    1.920832] scsi target2:0:0: Domain Validation skipping write tests
[    1.922705] scsi target2:0:0: Ending Domain Validation
[    1.924125] scsi target2:0:0: asynchronous
[    1.925846] scsi 2:0:1:0: Direct-Access     VBOX     HARDDISK         1.0  PQ: 0 ANSI: 5
[    1.927658] scsi target2:0:1: Beginning Domain Validation
[    1.930095] scsi target2:0:1: Domain Validation skipping write tests
[    1.931413] scsi target2:0:1: Ending Domain Validation
[    1.933180] scsi target2:0:1: asynchronous
[    1.952655] sd 2:0:0:0: Attached scsi generic sg0 type 0
[    1.953591] sd 2:0:0:0: [sda] 83886080 512-byte logical blocks: (42.9 GB/40.0 GiB)
[    1.953760] sd 2:0:0:0: [sda] Write Protect is off
[    1.953856] sd 2:0:0:0: [sda] Incomplete mode parameter data
[    1.953857] sd 2:0:0:0: [sda] Assuming drive cache: write through
[    1.961964] sd 2:0:1:0: Attached scsi generic sg1 type 0
[    1.963310] sd 2:0:1:0: [sdb] 20480 512-byte logical blocks: (10.5 MB/10.0 MiB)
[    1.963439] sd 2:0:1:0: [sdb] Write Protect is off
[    1.963631] sd 2:0:1:0: [sdb] Incomplete mode parameter data
[    1.963633] sd 2:0:1:0: [sdb] Assuming drive cache: write through
[    1.969032]  sda: sda1
[    1.970690] sd 2:0:0:0: [sda] Attached SCSI disk
[    1.973238] sd 2:0:1:0: [sdb] Attached SCSI disk
[    2.643473] e1000 0000:00:08.0 eth1: (PCI:33MHz:32-bit) 08:00:27:9a:ef:e6
[    2.644761] e1000 0000:00:08.0 eth1: Intel(R) PRO/1000 Network Connection
[    2.647109] e1000 0000:00:08.0 enp0s8: renamed from eth1
[    2.659959] e1000 0000:00:03.0 enp0s3: renamed from eth0
Begin: Loading essential drivers ... [    3.993802] md: linear personality registered for level -1
[    3.997061] md: multipath personality registered for level -4
[    4.000042] md: raid0 personality registered for level 0
[    4.003944] md: raid1 personality registered for level 1
[    4.075515] raid6: sse2x1   gen()  7141 MB/s
[    4.143688] raid6: sse2x1   xor()  6745 MB/s
[    4.211391] raid6: sse2x2   gen() 13612 MB/s
[    4.279482] raid6: sse2x2   xor()  8909 MB/s
[    4.347798] raid6: sse2x4   gen() 14931 MB/s
[    4.415576] raid6: sse2x4   xor()  8323 MB/s
[    4.483400] raid6: avx2x1   gen() 15903 MB/s
[    4.551743] raid6: avx2x2   gen() 20134 MB/s
[    4.619594] raid6: avx2x4   gen() 20300 MB/s
[    4.620427] raid6: using algorithm avx2x4 gen() 20300 MB/s
[    4.621455] raid6: using avx2x2 recovery algorithm
[    4.624352] xor: automatically using best checksumming function:
[    4.663650]    avx       : 10890.000 MB/sec
[    4.665760] async_tx: api initialized (async)
[    4.676171] md: raid6 personality registered for level 6
[    4.677381] md: raid5 personality registered for level 5
[    4.678551] md: raid4 personality registered for level 4
[    4.686074] md: raid10 personality registered for level 10
done.
Begin: Running /scripts/init-premount ... done.
Begin: Mounting root file system ... Begin: Running /scripts/local-top ... done.
Begin: Running /scripts/local-premount ... [    4.716543] Btrfs loaded
Scanning for Btrfs filesystems
done.
Warning: fsck not present, so skipping root file system
[    4.764512] EXT4-fs (sda1): mounted filesystem with ordered data mode. Opts: (null)
done.
Begin: Running /scripts/local-bottom ... done.
Begin: Running /scripts/init-bottom ... done.
[    4.866861] systemd[1]: systemd 229 running in system mode. (+PAM +AUDIT +SELINUX +IMA +APPARMOR +SMACK +SYSVINIT +UTMP +LIBCRYPTSETUP +GCRYPT +GNUTLS +ACL +XZ -LZ4 +SECCOMP +BLKID +ELFUTILS +KMOD -IDN)
[    4.869992] systemd[1]: Detected virtualization oracle.
[    4.871023] systemd[1]: Detected architecture x86-64.

Welcome to [1mUbuntu 16.04.7 LTS[0m!

[    4.875260] systemd[1]: Set hostname to <ubuntu>.
[    4.879051] systemd[1]: Initializing machine ID from random generator.
[    4.880595] systemd[1]: Installed transient /etc/machine-id file.
[    5.108837] systemd[1]: Started Forward Password Requests to Wall Directory Watch.
[[0;32m  OK  [0m] Started Forward Password Requests to Wall Directory Watch.
[    5.112256] systemd[1]: Listening on Journal Audit Socket.
[[0;32m  OK  [0m] Listening on Journal Audit Socket.
[    5.114622] systemd[1]: Reached target User and Group Name Lookups.
[[0;32m  OK  [0m] Reached target User and Group Name Lookups.
[    5.117141] systemd[1]: Listening on Device-mapper event daemon FIFOs.
[[0;32m  OK  [0m] Listening on Device-mapper event daemon FIFOs.
[    5.120800] systemd[1]: Created slice System Slice.
[[0;32m  OK  [0m] Created slice System Slice.
[    5.123185] systemd[1]: Listening on Syslog Socket.
[[0;32m  OK  [0m] Listening on Syslog Socket.
[    5.126045] systemd[1]: Reached target System Time Synchronized.
[[0;32m  OK  [0m] Reached target System Time Synchronized.
[    5.128366] systemd[1]: Reached target Swap.
[[0;32m  OK  [0m] Reached target Swap.
[    5.130675] systemd[1]: Listening on /dev/initctl Compatibility Named Pipe.
[[0;32m  OK  [0m] Listening on /dev/initctl Compatibility Named Pipe.
[    5.133757] systemd[1]: Set up automount Arbitrary Executable File Formats File System Automount Point.
[[0;32m  OK  [0m] Set up automount Arbitrary Executab...ats File System Automount Point.
[    5.138576] systemd[1]: Started Trigger resolvconf update for networkd DNS.
[[0;32m  OK  [0m] Started Trigger resolvconf update for networkd DNS.
[    5.141549] systemd[1]: Reached target Encrypted Volumes.
[[0;32m  OK  [0m] Reached target Encrypted Volumes.
[    5.144382] systemd[1]: Created slice system-serial\x2dgetty.slice.
[[0;32m  OK  [0m] Created slice system-serial\x2dgetty.slice.
[    5.152219] systemd[1]: Listening on Journal Socket (/dev/log).
[[0;32m  OK  [0m] Listening on Journal Socket (/dev/log).
[    5.155795] systemd[1]: Created slice User and Session Slice.
[[0;32m  OK  [0m] Created slice User and Session Slice.
[    5.158769] systemd[1]: Reached target Slices.
[[0;32m  OK  [0m] Reached target Slices.
[    5.160896] systemd[1]: Listening on LVM2 poll daemon socket.
[[0;32m  OK  [0m] Listening on LVM2 poll daemon socket.
[    5.163457] systemd[1]: Listening on udev Kernel Socket.
[[0;32m  OK  [0m] Listening on udev Kernel Socket.
[    5.165819] systemd[1]: Listening on udev Control Socket.
[[0;32m  OK  [0m] Listening on udev Control Socket.
[    5.168643] systemd[1]: Listening on fsck to fsckd communication Socket.
[[0;32m  OK  [0m] Listening on fsck to fsckd communication Socket.
[    5.171859] systemd[1]: Listening on Journal Socket.
[[0;32m  OK  [0m] Listening on Journal Socket.
[    5.188109] systemd[1]: Mounting Huge Pages File System...
         Mounting Huge Pages File System...
[    5.192590] systemd[1]: Starting Set console keymap...
         Starting Set console keymap...
[    5.196418] systemd[1]: Starting File System Check on Root Device...
         Starting File System Check on Root Device...
[    5.201689] systemd[1]: Starting Nameserver information manager...
         Starting Nameserver information manager...
[    5.206309] systemd[1]: Starting Uncomplicated firewall...
         Starting Uncomplicated firewall...
[    5.209390] systemd[1]: Starting Create list of required static device nodes for the current kernel...
         Starting Create list of required st... nodes for the current kernel...
[    5.215415] systemd[1]: Starting Load Kernel Modules...
         Starting Load Kernel Modules...
[    5.220389] systemd[1]: Mounting Debug File System...
         Mounting Debug File System...
[    5.222866] systemd[1]: Starting Journal Service...
         Starting Journal Service...
[    5.227016] systemd[1]: Mounting POSIX Message Queue File System...
         Mounting POSIX Message Queue File System...
[    5.229583] systemd[1]: Listening on LVM2 metadata daemon socket.
[[0;32m  OK  [0m] Listening on LVM2 metadata daemon socket.
[    5.235742] systemd[1]: Starting Monitoring of LVM2 mirrors, snapshots etc. using dmeventd or progress polling...
         Starting Monitoring of LVM2 mirrors... dmeventd or progress polling...
[    5.246960] systemd[1]: Mounted Huge Pages File System.
[[0;32m  OK  [0m] Mounted Huge Pages File System.
[    5.248922] systemd[1]: Mounted POSIX Message Queue File System.
[[0;32m  OK  [0m] Mounted POSIX Message Queue File System.
[    5.250967] systemd[1]: Mounted Debug File System.
[[0;32m  OK  [0m] Mounted Debug File System.
[    5.253919] systemd[1]: Started Uncomplicated firewall.
[[0;32m  OK  [0m] Started Uncomplicated firewall.
[    5.258548] systemd[1]: Started Create list of required static device nodes for the current kernel.
[[0;32m  OK  [0m] Started Create list of required sta...ce nodes for the current kernel.
[    5.271783] systemd[1]: Started Nameserver information manager.
[[0;32m  OK  [0m] Started Nameserver information manager.
[    5.275212] systemd[1]: Started Set console keymap.
[[0;32m  OK  [0m] Started Set console keymap.
[    5.278455] systemd[1]: Started File System Check on Root Device.
[[0;32m  OK  [0m] Started File System Check on Root Device.
[    5.284416] systemd[1]: Started File System Check Daemon to report status.
[[0;32m  OK  [0m] Started File System Check Daemon to report status.
[    5.288589] Loading iSCSI transport class v2.0-870.
[    5.289921] systemd[1]: Starting Remount Root and Kernel File Systems...
         Starting Remount Root and Kernel File Systems...
[    5.298670] EXT4-fs (sda1): re-mounted. Opts: (null)
[    5.300775] systemd[1]: Starting Create Static Device Nodes in /dev...
         Starting Create Static Device Nodes in /dev...
[    5.305816] systemd[1]: Started LVM2 metadata daemon.
[[0;32m  OK  [0m] Started LVM2 metadata daemon.
[    5.310986] systemd[1]: Started Journal Service.
[[0;32m  OK  [0m] Started Journal Service.
[[0;32m  OK  [0m] Started Remount Root and Kernel File Systems.
         Starting Load/Save Random Seed...
[    5.318003] iscsi: registered transport (tcp)
         Starting udev Coldplug all Devices...
         Starting Flush Journal to Persistent Storage...
[[0;32m  OK  [0m] Started Load/Save Random Seed.
[    5.337990] systemd-journald[404]: Received request to flush runtime journal from PID 1
[[0;32m  OK  [0m] Started Create Static Device Nodes in /dev.
         Starting udev Kernel Device Manager...
[[0;32m  OK  [0m] Started Flush Journal to Persistent Storage.
[    5.373423] iscsi: registered transport (iser)
[[0;32m  OK  [0m] Started Load Kernel Modules.
         Mounting FUSE Control File System...
         Starting Apply Kernel Variables...
[[0;32m  OK  [0m] Mounted FUSE Control File System.
[[0;32m  OK  [0m] Started Apply Kernel Variables.
[[0;32m  OK  [0m] Started udev Coldplug all Devices.
[[0;32m  OK  [0m] Started udev Kernel Device Manager.
[[0;32m  OK  [0m] Started Dispatch Password Requests to Console Directory Watch.
[[0;32m  OK  [0m] Started Monitoring of LVM2 mirrors,...ng dmeventd or progress polling.
[[0;32m  OK  [0m] Reached target Local File Systems (Pre).
[[0;32m  OK  [0m] Reached target Local File Systems.
         Starting Initial cloud-init job (pre-networking)...
         Starting Tell Plymouth To Write Out Runtime Data...
         Starting LSB: AppArmor initialization...
         Starting Set console font and keymap...
         Starting Commit a transient machine-id on disk...
         Starting Create Volatile Files and Directories...
[[0;32m  OK  [0m] Started Create Volatile Files and Directories.
         Starting Update UTMP about System Boot/Shutdown...
[[0;32m  OK  [0m] Started Tell Plymouth To Write Out Runtime Data.
[[0;32m  OK  [0m] Started Update UTMP about System Boot/Shutdown.
[[0;32m  OK  [0m] Started Commit a transient machine-id on disk.
[[0;32m  OK  [0m] Found device /dev/ttyS0.
[[0;32m  OK  [0m] Listening on Load/Save RF Kill Switch Status /dev/rfkill Watch.
[[0;32m  OK  [0m] Started Set console font and keymap.
[[0;32m  OK  [0m] Created slice system-getty.slice.
[    6.708268] cloud-init[507]: Cloud-init v. 21.1-19-gbad84ad4-0ubuntu1~16.04.2 running 'init-local' at Wed, 22 May 2024 10:02:00 +0000. Up 6.30 seconds.
[[0;32m  OK  [0m] Started LSB: AppArmor initialization.
         Starting Load AppArmor profiles managed internally by snapd...
[[0;32m  OK  [0m] Started Initial cloud-init job (pre-networking).
[[0;32m  OK  [0m] Started Load AppArmor profiles managed internally by snapd.
[[0;32m  OK  [0m] Reached target Network (Pre).
         Starting Raise network interfaces...
[[0;32m  OK  [0m] Started Raise network interfaces.
         Starting Initial cloud-init job (metadata service crawler)...
[[0;32m  OK  [0m] Reached target Network.
[    7.980999] cloud-init[978]: Cloud-init v. 21.1-19-gbad84ad4-0ubuntu1~16.04.2 running 'init' at Wed, 22 May 2024 10:02:01 +0000. Up 7.42 seconds.
[    7.982775] cloud-init[978]: ci-info: ++++++++++++++++++++++++++++++++++++++Net device info+++++++++++++++++++++++++++++++++++++++
[    7.984502] cloud-init[978]: ci-info: +--------+-------+----------------------------+---------------+--------+-------------------+
[    7.992760] cloud-init[978]: ci-info: | Device |   Up  |          Address           |      Mask     | Scope  |     Hw-Address    |
[    8.001069] cloud-init[978]: ci-info: +--------+-------+----------------------------+---------------+--------+-------------------+
[    8.003148] cloud-init[978]: ci-info: | enp0s3 |  True |         10.0.2.15          | 255.255.255.0 | global | 02:be:82:6b:cc:1d |
[    8.005117] cloud-init[978]: ci-info: | enp0s3 |  True | fe80::be:82ff:fe6b:cc1d/64 |       .       |  link  | 02:be:82:6b:cc:1d |
[    8.006809] cloud-init[978]: ci-info: | enp0s8 | False |             .              |       .       |   .    | 08:00:27:9a:ef:e6 |
[    8.012796] cloud-init[978]: ci-info: |   lo   |  True |         127.0.0.1          |   255.0.0.0   |  host  |         .         |
[    8.014224] cloud-init[978]: ci-info: |   lo   |  True |          ::1/128           |       .       |  host  |         .         |
[    8.021063] cloud-init[978]: ci-info: +--------+-------+----------------------------+---------------+--------+-------------------+
[    8.022610] cloud-init[978]: ci-info: +++++++++++++++++++++++++++Route IPv4 info++++++++++++++++++++++++++++
[    8.028967] cloud-init[978]: ci-info: +-------+-------------+----------+---------------+-----------+-------+
[    8.030463] cloud-init[978]: ci-info: | Route | Destination | Gateway  |    Genmask    | Interface | Flags |
[    8.031839] cloud-init[978]: ci-info: +-------+-------------+----------+---------------+-----------+-------+
[    8.040881] cloud-init[978]: ci-info: |   0   |   0.0.0.0   | 10.0.2.2 |    0.0.0.0    |   enp0s3  |   UG  |
[    8.042255] cloud-init[978]: ci-info: |   1   |   10.0.2.0  | 0.0.0.0  | 255.255.255.0 |   enp0s3  |   U   |
[[0;32m  OK  [0m] Started Initial cloud-init job (metadata service crawler).
[    8.048840] cloud-init[[0;32m  OK  [0m] Reached target System Initialization.
[[0;32m  OK  [0m] Started Daily apt download activities.
[[0;32m  OK  [0m] Listening on UUID daemon activation socket.
         Starting Socket activation for snappy daemon.
[[0;32m  OK  [0m] Started Daily Cleanup of Temporary Directories.
[[0;32m  OK  [0m] Started Daily apt upgrade and clean activities.
[[0;32m  OK  [0m] Started Message of the Day.
[[0;32m  OK  [0m] Started Ubuntu Advantage update messaging.
[978]: ci-info: +-------+-------------+----------+---------------+-----------+-------+         Starting LXD - unix socket.

[    8.066743] cloud-init[[0;32m  OK  [0m] Started ACPI Events Check.
[[0;32m  OK  [0m] Reached target Paths.
[[978]: [0;32m  OK  [0m] Listening on D-Bus System Message Bus Socket.
[[0;32m  OK  [0m] Listening on ACPID Listen Socket.
ci-info: +++++++++++++++++++Route IPv6 info+++++++++++++++++++[[0;32m  OK  [0m] Reached target Timers.
[[0;32m  OK  [0m] Reached target Cloud-config availability.
[[0;32m  OK  [0m] Reached target Network is Online.

[    8.072230] cloud-init[978]: ci-info: +-------+-------------+---------+-----------+-------+
[    8.073875] cloud-init[978]: ci-info: | Route | Destination | Gateway | Interface | Flags |
[    8.075183] cloud-init[978]: ci-info: +-------+-------------+---------+-----------+-------+
[    8.076463] cloud-init[978]: ci-info: |   0   |  fe80::/64  |    ::   |   enp0s3  |   U   |
         Starting iSCSI initiator daemon (iscsid)...
[    8.087955] cloud-init[978]: ci-info: |   3   |   ff00::/8  |    ::   |   enp0s3  |   U   |
[    8.088513] cloud-init[978]: ci-info: +-------+-------------+---------+-----------+-------+
[    8.090201] cloud-init[978]: Generating public/private rsa key pair.
[    8.091490] cloud-init[978]: Your identification has been saved in /etc/ssh/ssh_host_rsa_key.
[    8.092349] cloud-init[978]: Your public key has been saved in /etc/ssh/ssh_host_rsa_key.pub.
[    8.093657] cloud-init[978]: The key fingerprint is:
[    8.094588] cloud-init[978]: SHA256:3LMTaHUhKG++9cvonWpa2QFz5eqiCNnkhATYgaA4RDE root@ubuntu-xenial
[    8.094864] cloud-init[978]: The key's randomart image is:
[    8.095573] cloud-init[978]: +---[RSA 2048]----+
[    8.096202] cloud-init[978]: |+E+.     .. . .  |
[    8.096368] cloud-init[978]: |* o.  . .  . +   |
[    8.096740] cloud-init[978]: |+   .  o  + o .  |
[    8.097248] cloud-init[978]: | . . . .o+ = .   |
[    8.097297] cloud-init[978]: |    . ooS + o    |
[    8.097792] cloud-init[978]: |     * .. .B .   |
[    8.097982] cloud-init[978]: |    o o  o*.o    |
[    8.098332] cloud-init[978]: |     . ..o.*..   |
[    8.098536] cloud-init[978]: |      . o++.=.   |
[    8.098891] cloud-init[978]: +----[SHA256]-----+
[    8.099110] cloud-init[978]: Generating public/private dsa key pair.
[    8.099731] cloud-init[978]: Your identification has been saved in /etc/ssh/ssh_host_dsa_key.
[    8.099917] cloud-init[978]: Your public key has been saved in /etc/ssh/ssh_host_dsa_key.pub.
[    8.100693] cloud-init[978]: The key fingerprint is:
[    8.100876] cloud-init[978]: SHA256:0AN/VSkX7DwSES5wITFv6ZxAhErYQhzzUkrD8IVhnLM root@ubuntu-xenial
[    8.101273] cloud-init[978]: The key's randomart image is:
[    8.101753] cloud-init[978]: +---[DSA 1024]----+
[    8.102344] cloud-init[978]: |.*OBo .oB.o.+=oo |
[    8.103142] cloud-init[978]: | +XBo .= * +o +  |
[    8.103843] cloud-init[978]: |  +=... = * .*   |
[    8.104669] cloud-init[978]: |  E..  . B o. +  |
[    8.104959] cloud-init[978]: |        S +  . . |
[    8.105964] cloud-init[978]: |                 |
[    8.106360] cloud-init[978]: |                 |
[    8.107001] cloud-init[978]: |                 |
[    8.107317] cloud-init[978]: |                 |
[    8.108242] cloud-init[978]: +----[SHA256]-----+
[    8.108793] cloud-init[978]: Generating public/private ecdsa key pair.
[    8.109214] cloud-init[978]: Your identification has been saved in /etc/ssh/ssh_host_ecdsa_key.
[    8.110251] cloud-init[978]: Your public key has been saved in /etc/ssh/ssh_host_ecdsa_key.pub.
[    8.111683] cloud-init[978]: The key fingerprint is:
[    8.112614] cloud-init[978]: SHA256:LAuru4ItqhHtSPdy3rbQ8aJEs/eusM3xR6MQyiOeNZA root@ubuntu-xenial
[    8.113087] cloud-init[978]: The key's randomart image is:
[    8.114410] cloud-init[978]: +---[ECDSA 256]---+
[    8.114772] cloud-init[978]: |                 |
[    8.115466] cloud-init[978]: |                 |
[    8.115886] cloud-init[978]: |    .            |
[    8.116601] cloud-init[978]: | . E   o         |
[    8.117020] cloud-init[978]: |....+oo.S        |
[    8.117734] cloud-init[978]: |.+..oO++o  o     |
[    8.118313] cloud-init[978]: |+.o.=B+=..o .    |
[    8.118784] cloud-init[978]: |+..+= X.=. .     |
[    8.119382] cloud-init[978]: |=o+o +.*++.      |
[    8.119748] cloud-init[978]: +----[SHA256]-----+
[    8.120464] cloud-init[978]: Generating public/private ed25519 key pair.
[    8.120944] cloud-init[978]: Your identification has been saved in /etc/ssh/ssh_host_ed25519_key.
[    8.121953] cloud-init[978]: Your public key has been saved in /etc/ssh/ssh_host_ed25519_key.pub.
[    8.123494] cloud-init[978]: The key fingerprint is:
[    8.124386] cloud-init[978]: SHA256:wvSI5GSXKGlBSXe8O7ntt8zoZRZ09I1nkmCX8pzn/0Q root@ubuntu-xenial
[    8.124850] cloud-init[978]: [[0;32m  OK  [0m] Listening on Socket activation for snappy daemon.
[[0;32m  OK  [0m] Listening on LXD - unix socket.
[[0;32m  OK  [0m] Reached target Sockets.
[[0;32m  OK  [0m] Reached target Basic System.
The key's randomart image is:
[    8.129661] cloud-init[978]: +--[ED25519 256]--+
[    8.130758] cloud-init[978]: | o+....     + .. |
[    8.131888] cloud-init[978]: |  .+ o..   o.+.+ |
         Starting /etc/rc.local Compatibility...
[    8.145330] cloud-init         Starting LSB: Record successful boot for GRUB...
[978]: |  + = +.  . .+=.+|[[0;32m  OK  [0m] Started ACPI event daemon.
[[0;32m  OK  [0m] Started FUSE filesystem for LXC.

[    8.162823]          Starting LXD - container startup/shutdown...
cloud-init[978]: | . * =.o . .  ++.|
         Starting Pollinate to seed the pseudo random number generator...
         Starting Accounts Service...
         Starting System Logging Service...
[    8.173338] cloud-init[978]: |    o +oS .    oE|
[    8.185441] cloud-init[978]: |      +.   .   ..|
[    8.185698] cloud-init[978]: |       +  +     o|
[    8.186528] cloud-init[978]: |      . .B.    ..|
[    8.187100] cloud-init[978]: |       o+.+.    o|
[    8.188033] cloud-init[978]: +----[SHA256]-----+
         Starting LSB: MD monitoring daemon...
         Starting Snap Daemon...
         Starting Virtualbox guest utils...
         Starting Login Service...
[[0;32m  OK  [0m] Started Deferred execution scheduler.
[[0;32m  OK  [0m] Started D-Bus System Message Bus.
[[0;32m  OK  [0m] Started Regular background program processing daemon.
[[0;32m  OK  [0m] Started System Logging Service.
[[0;32m  OK  [0m] Started /etc/rc.local Compatibility.
[[0;32m  OK  [0m] Started iSCSI initiator daemon (iscsid).
         Starting Authenticate and Authorize Users to Run Privileged Tasks...
         Starting Login to default iSCSI targets...
[[0;32m  OK  [0m] Started Login Service.
[[0;32m  OK  [0m] Started Unattended Upgrades Shutdown.
[[0;32m  OK  [0m] Started LSB: Record successful boot for GRUB.
[[0;32m  OK  [0m] Started LSB: MD monitoring daemon.
[[0;32m  OK  [0m] Started Login to default iSCSI targets.
[[0;32m  OK  [0m] Reached target Remote File Systems (Pre).
[[0;32m  OK  [0m] Reached target Remote File Systems.
         Starting LSB: Set the CPU Frequency Scaling governor to "ondemand"...
         Starting Permit User Sessions...
         Starting LSB: automatic crash report generation...
         Starting LSB: daemon to balance interrupts for SMP systems...
[[0;32m  OK  [0m] Started Permit User Sessions.
[[0;32m  OK  [0m] Started LXD - container startup/shutdown.
         Starting Terminate Plymouth Boot Screen...
         Starting Hold until boot process finishes up...
[[0;32m  OK  [0m] Started Hold until boot process finishes up.
[[0;32m  OK  [0m] Started Terminate Plymouth Boot Screen.
[[0;32m  OK  [0m] Started Serial Getty on ttyS0.
         Starting Set console scheme...
[[0;32m  OK  [0m] Started Getty on tty1.
[[0;32m  OK  [0m] Reached target Login Prompts.
[[0;32m  OK  [0m] Started LSB: Set the CPU Frequency Scaling governor to "ondemand".
[[0;32m  OK  [0m] Started LSB: automatic crash report generation.
[[0;32m  OK  [0m] Started LSB: daemon to balance interrupts for SMP systems.
[[0;32m  OK  [0m] Started Set console scheme.
[[0;32m  OK  [0m] Started Authenticate and Authorize Users to Run Privileged Tasks.
[[0;32m  OK  [0m] Started Accounts Service.
[[0;32m  OK  [0m] Started Virtualbox guest utils.
[[0;32m  OK  [0m] Started Snap Daemon.
         Starting Wait until snapd is fully seeded...
[[0;32m  OK  [0m] Started Pollinate to seed the pseudo random number generator.
         Starting OpenBSD Secure Shell server...
[[0;32m  OK  [0m] Started OpenBSD Secure Shell server.
[[0;32m  OK  [0m] Started Wait until snapd is fully seeded.
[[0;32m  OK  [0m] Reached target Multi-User System.
[[0;32m  OK  [0m] Reached target Graphical Interface.
         Starting Update UTMP about System Runlevel Changes...
         Starting Apply the settings specified in cloud-config...
[[0;32m  OK  [0m] Started Update UTMP about System Runlevel Changes.
[   10.090956] cloud-init[1326]: Generating locales (this might take a while)...
[   10.742614] cloud-init[1326]:   en_US.UTF-8... done
[   10.744140] cloud-init[1326]: Generation complete.
[   11.102747] cloud-init[1326]: Cloud-init v. 21.1-19-gbad84ad4-0ubuntu1~16.04.2 running 'modules:config' at Wed, 22 May 2024 10:02:03 +0000. Up 9.96 seconds.
[[0;32m  OK  [0m] Started Apply the settings specified in cloud-config.
         Starting Execute cloud user/final scripts...
ci-info: no authorized SSH keys fingerprints found for user ubuntu.
<14>May 22 10:02:05 ec2: 
<14>May 22 10:02:05 ec2: #############################################################
<14>May 22 10:02:05 ec2: -----BEGIN SSH HOST KEY FINGERPRINTS-----
<14>May 22 10:02:05 ec2: 1024 SHA256:0AN/VSkX7DwSES5wITFv6ZxAhErYQhzzUkrD8IVhnLM root@ubuntu-xenial (DSA)
<14>May 22 10:02:05 ec2: 256 SHA256:LAuru4ItqhHtSPdy3rbQ8aJEs/eusM3xR6MQyiOeNZA root@ubuntu-xenial (ECDSA)
<14>May 22 10:02:05 ec2: 256 SHA256:wvSI5GSXKGlBSXe8O7ntt8zoZRZ09I1nkmCX8pzn/0Q root@ubuntu-xenial (ED25519)
<14>May 22 10:02:05 ec2: 2048 SHA256:3LMTaHUhKG++9cvonWpa2QFz5eqiCNnkhATYgaA4RDE root@ubuntu-xenial (RSA)
<14>May 22 10:02:05 ec2: -----END SSH HOST KEY FINGERPRINTS-----
<14>May 22 10:02:05 ec2: #############################################################
-----BEGIN SSH HOST KEY KEYS-----
ecdsa-sha2-nistp256 AAAAE2VjZHNhLXNoYTItbmlzdHAyNTYAAAAIbmlzdHAyNTYAAABBBPXtvV48ZVJqxlQlXKGHePnr62xxdhyW1uJFnDhXjrdjC95La8CMOPPzG7OUYSi4Nk4G5Ukp6RAG027D94a+bFA= root@ubuntu-xenial
ssh-ed25519 AAAAC3NzaC1lZDI1NTE5AAAAIH8l3Q+54shamVTyhttXI/ObvEgTsWQQmWAdPVsj7T17 root@ubuntu-xenial
ssh-rsa AAAAB3NzaC1yc2EAAAADAQABAAABAQDM162oPv6NemytvC2pMsoaIq6S6XcPo/17sMk7ey+kmp2k5bvB5BesA4tSQ1Pyx97rbLDdKyd9JRNawbUOiQnW8QAh6ZXkfTU8w3cED8P9dSOL5TInLCYBirpIAaw9D90mg/ulAfs0Ro5nl0IqWx1R35BhafEm6AmEYb1hNzj4WqU7S1GfC7n5jym/GUCjv1w4m5FVXUL7VDh9mwAw+WMNDXmcGJIy9usxJ5rWQsB7/UngffDcXzCjS4Zap+0F9RkTT7Nv8Ksl2DMLHmHXX2GYvj9jDpaRW73vs9NWCoH52nHr6K8zfH7TBHfMR/+qCryaGkwMNgr00Ph/nWrSy6Td root@ubuntu-xenial
-----END SSH HOST KEY KEYS-----
[   11.638956] cloud-init[1368]: Cloud-init v. 21.1-19-gbad84ad4-0ubuntu1~16.04.2 running 'modules:final' at Wed, 22 May 2024 10:02:05 +0000. Up 11.47 seconds.
[   11.641565] cloud-init[1368]: ci-info: no authorized SSH keys fingerprints found for user ubuntu.
[   11.643647] cloud-init[1368]: Cloud-init v. 21.1-19-gbad84ad4-0ubuntu1~16.04.2 finished at Wed, 22 May 2024 10:02:05 +0000. Datasource DataSourceNoCloud [seed=/dev/sdb][dsmode=net].  Up 11.63 seconds
[[0;32m  OK  [0m] Started Execute cloud user/final scripts.
[[0;32m  OK  [0m] Reached target Cloud-init target.

Ubuntu 16.04.7 LTS ubuntu-xenial ttyS0

ubuntu-xenial login:          Stopping ACPI event daemon...
[[0;32m  OK  [0m] Stopped target Timers.
[[0;32m  OK  [0m] Stopped Message of the Day.
[[0;32m  OK  [0m] Stopped Daily Cleanup of Temporary Directories.
[[0;32m  OK  [0m] Stopped target Cloud-init target.
[[0;32m  OK  [0m] Stopped Execute cloud user/final scripts.
[[0;32m  OK  [0m] Stopped Ubuntu Advantage update messaging.
         Stopping Authenticate and Authorize Users to Run Privileged Tasks...
[[0;32m  OK  [0m] Stopped target Graphical Interface.
[[0;32m  OK  [0m] Stopped target Multi-User System.
[[0;32m  OK  [0m] Stopped target Login Prompts.
         Stopping Serial Getty on ttyS0...
         Stopping Regular background program processing daemon...
         Stopping Deferred execution scheduler...
         Stopping MySQL Community Server...
         Stopping D-Bus System Message Bus...
         Stopping System Logging Service...
         Stopping LSB: MD monitoring daemon...
         Stopping Virtualbox guest utils...
         Stopping LSB: daemon to balance interrupts for SMP systems...
         Stopping LSB: Set the CPU Frequency Scaling governor to "ondemand"...
         Stopping LSB: Record successful boot for GRUB...
         Stopping LXD - container startup/shutdown...
         Stopping OpenBSD Secure Shell server...
         Stopping User Manager for UID 1000...
[[0;32m  OK  [0m] Stopped Apply the settings specified in cloud-config.
[[0;32m  OK  [0m] Stopped Wait until snapd is fully seeded.
[[0;32m  OK  [0m] Closed Load/Save RF Kill Switch Status /dev/rfkill Watch.
         Stopping LSB: automatic crash report generation...
[[0;32m  OK  [0m] Stopped Daily apt upgrade and clean activities.
[[0;32m  OK  [0m] Stopped Daily apt download activities.
[[0;32m  OK  [0m] Stopped target System Time Synchronized.
         Stopping FUSE filesystem for LXC...
         Stopping Accounts Service...
         Stopping Session 9 of user vagrant.
         Stopping Getty on tty1...
[[0;32m  OK  [0m] Stopped target Cloud-config availability.
[[0;32m  OK  [0m] Unmounted /var/lib/lxcfs.
[[0;32m  OK  [0m] Stopped ACPI event daemon.
[[0;32m  OK  [0m] Stopped Accounts Service.
[[0;32m  OK  [0m] Stopped System Logging Service.
[[0;32m  OK  [0m] Stopped Deferred execution scheduler.
[[0;32m  OK  [0m] Stopped Regular background program processing daemon.
[[0;32m  OK  [0m] Stopped Authenticate and Authorize Users to Run Privileged Tasks.
[[0;32m  OK  [0m] Stopped Serial Getty on ttyS0.
[[0;32m  OK  [0m] Stopped Getty on tty1.
[[0;32m  OK  [0m] Stopped OpenBSD Secure Shell server.
[[0;32m  OK  [0m] Stopped User Manager for UID 1000.
[[0;32m  OK  [0m] Stopped D-Bus System Message Bus.
[[0;32m  OK  [0m] Stopped Session 9 of user vagrant.
[[0;32m  OK  [0m] Stopped FUSE filesystem for LXC.
[[0;32m  OK  [0m] Stopped LXD - container startup/shutdown.
[[0;32m  OK  [0m] Stopped LSB: Record successful boot for GRUB.
[[0;32m  OK  [0m] Stopped LSB: MD monitoring daemon.
[[0;32m  OK  [0m] Stopped Virtualbox guest utils.
[[0;32m  OK  [0m] Stopped LSB: daemon to balance interrupts for SMP systems.
[[0;32m  OK  [0m] Stopped LSB: Set the CPU Frequency Scaling governor to "ondemand".
[[0;32m  OK  [0m] Stopped LSB: automatic crash report generation.
[[0;32m  OK  [0m] Removed slice User Slice of vagrant.
         Stopping Login Service...
[[0;32m  OK  [0m] Removed slice system-getty.slice.
[[0;32m  OK  [0m] Stopped /etc/rc.local Compatibility.
[[0;32m  OK  [0m] Removed slice system-serial\x2dgetty.slice.
         Stopping Permit User Sessions...
[[0;32m  OK  [0m] Stopped Permit User Sessions.
[[0;32m  OK  [0m] Stopped target Remote File Systems.
         Unmounting /vagrant...
[[0;32m  OK  [0m] Unmounted /vagrant.
[[0;32m  OK  [0m] Stopped target Remote File Systems (Pre).
         Stopping Login to default iSCSI targets...
[[0;32m  OK  [0m] Stopped Login Service.
[[0;32m  OK  [0m] Stopped target User and Group Name Lookups.
[[0;32m  OK  [0m] Stopped Login to default iSCSI targets.
         Stopping iSCSI initiator daemon (iscsid)...
[[0;32m  OK  [0m] Stopped iSCSI initiator daemon (iscsid).
[[0;32m  OK  [0m] Stopped target Network is Online.
[[0;32m  OK  [0m] Stopped MySQL Community Server.
[[0;32m  OK  [0m] Stopped target Basic System.
[[0;32m  OK  [0m] Stopped target Sockets.
[[0;32m  OK  [0m] Closed ACPID Listen Socket.
[[0;32m  OK  [0m] Closed Syslog Socket.
[[0;32m  OK  [0m] Closed D-Bus System Message Bus Socket.
[[0;32m  OK  [0m] Closed LXD - unix socket.
[[0;32m  OK  [0m] Closed Socket activation for snappy daemon.
[[0;32m  OK  [0m] Closed UUID daemon activation socket.
[[0;32m  OK  [0m] Stopped target Slices.
[[0;32m  OK  [0m] Removed slice User and Session Slice.
[[0;32m  OK  [0m] Stopped target Paths.
[[0;32m  OK  [0m] Stopped ACPI Events Check.
[[0;32m  OK  [0m] Stopped Forward Password Requests to Wall Directory Watch.
[[0;32m  OK  [0m] Stopped Dispatch Password Requests to Console Directory Watch.
[[0;32m  OK  [0m] Stopped target System Initialization.
[[0;32m  OK  [0m] Stopped Commit a transient machine-id on disk.
         Stopping Update UTMP about System Boot/Shutdown...
[[0;32m  OK  [0m] Stopped target Encrypted Volumes.
[[0;32m  OK  [0m] Stopped Initial cloud-init job (metadata service crawler).
         Stopping Load/Save Random Seed...
[[0;32m  OK  [0m] Stopped target Swap.
[[0;32m  OK  [0m] Stopped target Network.
         Stopping Raise network interfaces...
[[0;32m  OK  [0m] Stopped Load/Save Random Seed.
[[0;32m  OK  [0m] Stopped Update UTMP about System Boot/Shutdown.
[[0;32m  OK  [0m] Stopped Create Volatile Files and Directories.
[[0;32m  OK  [0m] Stopped Raise network interfaces.
[[0;32m  OK  [0m] Stopped target Local File Systems.
         Unmounting /run/user/1000...
[[0;32m  OK  [0m] Stopped target Network (Pre).
[[0;32m  OK  [0m] Stopped Initial cloud-init job (pre-networking).
[[0;32m  OK  [0m] Stopped Apply Kernel Variables.
[[0;32m  OK  [0m] Stopped Load Kernel Modules.
[[0;32m  OK  [0m] Unmounted /run/user/1000.
[[0;32m  OK  [0m] Reached target Unmount All Filesystems.
[[0;32m  OK  [0m] Stopped target Local File Systems (Pre).
[[0;32m  OK  [0m] Stopped Create Static Device Nodes in /dev.
         Stopping Monitoring of LVM2 mirrors... dmeventd or progress polling...
[[0;32m  OK  [0m] Stopped Remount Root and Kernel File Systems.
[[0;32m  OK  [0m] Reached target Shutdown.
[ 2902.301815] reboot: Power down
